<?xml version="1.0" encoding="UTF-8"?>
<testsuite name="com.project.demo.DemoApplicationTests" tests="1" skipped="0" failures="0" errors="0" timestamp="2024-07-16T20:32:07" hostname="ARSHYN" time="1.443">
  <properties/>
  <testcase name="contextLoads()" classname="com.project.demo.DemoApplicationTests" time="1.443"/>
  <system-out><![CDATA[13:32:01.589 [Test worker] INFO org.springframework.test.context.support.AnnotationConfigContextLoaderUtils -- Could not detect default configuration classes for test class [com.project.demo.DemoApplicationTests]: DemoApplicationTests does not declare any static, non-private, non-final, nested classes annotated with @Configuration.
13:32:01.788 [Test worker] INFO org.springframework.boot.test.context.SpringBootTestContextBootstrapper -- Found @SpringBootConfiguration com.project.demo.DemoApplication for test class com.project.demo.DemoApplicationTests

  .   ____          _            __ _ _
 /\\ / ___'_ __ _ _(_)_ __  __ _ \ \ \ \
( ( )\___ | '_ | '_| | '_ \/ _` | \ \ \ \
 \\/  ___)| |_)| | | | | || (_| |  ) ) ) )
  '  |____| .__|_| |_|_| |_\__, | / / / /
 =========|_|==============|___/=/_/_/_/

 :: Spring Boot ::                (v3.3.1)

2024-07-16T13:32:02.724-07:00  INFO 404 --- [    Test worker] com.project.demo.DemoApplicationTests    : Starting DemoApplicationTests using Java 22.0.1 with PID 404 (started by Erkin in C:\Users\Erkin\IdeaProjects\demo)
2024-07-16T13:32:02.727-07:00  INFO 404 --- [    Test worker] com.project.demo.DemoApplicationTests    : No active profile set, falling back to 1 default profile: "default"
2024-07-16T13:32:03.952-07:00  INFO 404 --- [    Test worker] .s.d.r.c.RepositoryConfigurationDelegate : Bootstrapping Spring Data MongoDB repositories in DEFAULT mode.
2024-07-16T13:32:04.044-07:00  INFO 404 --- [    Test worker] .s.d.r.c.RepositoryConfigurationDelegate : Finished Spring Data repository scanning in 85 ms. Found 1 MongoDB repository interface.
2024-07-16T13:32:05.130-07:00  INFO 404 --- [    Test worker] org.mongodb.driver.client                : MongoClient with metadata {"application": {"name": "Cluster"}, "driver": {"name": "mongo-java-driver|sync|spring-boot", "version": "5.0.1"}, "os": {"type": "Windows", "name": "Windows 11", "architecture": "amd64", "version": "10.0"}, "platform": "Java/Oracle Corporation/22.0.1+8-16"} created with settings MongoClientSettings{readPreference=primary, writeConcern=WriteConcern{w=majority, wTimeout=null ms, journal=null}, retryWrites=true, retryReads=true, readConcern=ReadConcern{level=null}, credential=MongoCredential{mechanism=null, userName='arshyn', source='admin', password=<hidden>, mechanismProperties=<hidden>}, transportSettings=null, commandListeners=[], codecRegistry=ProvidersCodecRegistry{codecProviders=[ValueCodecProvider{}, BsonValueCodecProvider{}, DBRefCodecProvider{}, DBObjectCodecProvider{}, DocumentCodecProvider{}, CollectionCodecProvider{}, IterableCodecProvider{}, MapCodecProvider{}, GeoJsonCodecProvider{}, GridFSFileCodecProvider{}, Jsr310CodecProvider{}, JsonObjectCodecProvider{}, BsonCodecProvider{}, EnumCodecProvider{}, com.mongodb.client.model.mql.ExpressionCodecProvider@18d47df0, com.mongodb.Jep395RecordCodecProvider@28393e82, com.mongodb.KotlinCodecProvider@697a0948]}, loggerSettings=LoggerSettings{maxDocumentLength=1000}, clusterSettings={hosts=[127.0.0.1:27017], srvHost=cluster.ytxdm1r.mongodb.net, srvServiceName=mongodb, mode=MULTIPLE, requiredClusterType=REPLICA_SET, requiredReplicaSetName='atlas-11p9rt-shard-0', serverSelector='null', clusterListeners='[]', serverSelectionTimeout='30000 ms', localThreshold='15 ms'}, socketSettings=SocketSettings{connectTimeoutMS=10000, readTimeoutMS=0, receiveBufferSize=0, proxySettings=ProxySettings{host=null, port=null, username=null, password=null}}, heartbeatSocketSettings=SocketSettings{connectTimeoutMS=10000, readTimeoutMS=10000, receiveBufferSize=0, proxySettings=ProxySettings{host=null, port=null, username=null, password=null}}, connectionPoolSettings=ConnectionPoolSettings{maxSize=100, minSize=0, maxWaitTimeMS=120000, maxConnectionLifeTimeMS=0, maxConnectionIdleTimeMS=0, maintenanceInitialDelayMS=0, maintenanceFrequencyMS=60000, connectionPoolListeners=[], maxConnecting=2}, serverSettings=ServerSettings{heartbeatFrequencyMS=10000, minHeartbeatFrequencyMS=500, serverListeners='[]', serverMonitorListeners='[]'}, sslSettings=SslSettings{enabled=true, invalidHostNameAllowed=false, context=null}, applicationName='Cluster', compressorList=[], uuidRepresentation=JAVA_LEGACY, serverApi=null, autoEncryptionSettings=null, dnsClient=null, inetAddressResolver=null, contextProvider=null}
2024-07-16T13:32:05.219-07:00  INFO 404 --- [m1r.mongodb.net] org.mongodb.driver.cluster               : Adding discovered server ac-pe4h2qb-shard-00-00.ytxdm1r.mongodb.net:27017 to client view of cluster
2024-07-16T13:32:05.279-07:00  INFO 404 --- [m1r.mongodb.net] org.mongodb.driver.cluster               : Adding discovered server ac-pe4h2qb-shard-00-01.ytxdm1r.mongodb.net:27017 to client view of cluster
2024-07-16T13:32:05.288-07:00  INFO 404 --- [m1r.mongodb.net] org.mongodb.driver.cluster               : Adding discovered server ac-pe4h2qb-shard-00-02.ytxdm1r.mongodb.net:27017 to client view of cluster
2024-07-16T13:32:06.002-07:00  INFO 404 --- [    Test worker] r$InitializeUserDetailsManagerConfigurer : Global AuthenticationManager configured with UserDetailsService bean with name customUserDetailsService
2024-07-16T13:32:06.962-07:00  INFO 404 --- [ngodb.net:27017] org.mongodb.driver.cluster               : Monitor thread successfully connected to server with description ServerDescription{address=ac-pe4h2qb-shard-00-01.ytxdm1r.mongodb.net:27017, type=REPLICA_SET_PRIMARY, state=CONNECTED, ok=true, minWireVersion=0, maxWireVersion=21, maxDocumentSize=16777216, logicalSessionTimeoutMinutes=30, roundTripTimeNanos=913660900, setName='atlas-11p9rt-shard-0', canonicalAddress=ac-pe4h2qb-shard-00-01.ytxdm1r.mongodb.net:27017, hosts=[ac-pe4h2qb-shard-00-01.ytxdm1r.mongodb.net:27017, ac-pe4h2qb-shard-00-02.ytxdm1r.mongodb.net:27017, ac-pe4h2qb-shard-00-00.ytxdm1r.mongodb.net:27017], passives=[], arbiters=[], primary='ac-pe4h2qb-shard-00-01.ytxdm1r.mongodb.net:27017', tagSet=TagSet{[Tag{name='availabilityZone', value='mes1-az2'}, Tag{name='diskState', value='READY'}, Tag{name='nodeType', value='ELECTABLE'}, Tag{name='provider', value='AWS'}, Tag{name='region', value='ME_SOUTH_1'}, Tag{name='workloadType', value='OPERATIONAL'}]}, electionId=7fffffff0000000000000017, setVersion=5, topologyVersion=TopologyVersion{processId=668c1c0abce1d481dc2388f7, counter=6}, lastWriteDate=Tue Jul 16 13:32:06 PDT 2024, lastUpdateTimeNanos=534570377476400}
2024-07-16T13:32:06.962-07:00  INFO 404 --- [ngodb.net:27017] org.mongodb.driver.cluster               : Monitor thread successfully connected to server with description ServerDescription{address=ac-pe4h2qb-shard-00-02.ytxdm1r.mongodb.net:27017, type=REPLICA_SET_SECONDARY, state=CONNECTED, ok=true, minWireVersion=0, maxWireVersion=21, maxDocumentSize=16777216, logicalSessionTimeoutMinutes=30, roundTripTimeNanos=934178100, setName='atlas-11p9rt-shard-0', canonicalAddress=ac-pe4h2qb-shard-00-02.ytxdm1r.mongodb.net:27017, hosts=[ac-pe4h2qb-shard-00-01.ytxdm1r.mongodb.net:27017, ac-pe4h2qb-shard-00-02.ytxdm1r.mongodb.net:27017, ac-pe4h2qb-shard-00-00.ytxdm1r.mongodb.net:27017], passives=[], arbiters=[], primary='ac-pe4h2qb-shard-00-01.ytxdm1r.mongodb.net:27017', tagSet=TagSet{[Tag{name='availabilityZone', value='mes1-az3'}, Tag{name='diskState', value='READY'}, Tag{name='nodeType', value='ELECTABLE'}, Tag{name='provider', value='AWS'}, Tag{name='region', value='ME_SOUTH_1'}, Tag{name='workloadType', value='OPERATIONAL'}]}, electionId=null, setVersion=5, topologyVersion=TopologyVersion{processId=668c1c5b4c7875e1eb0f4431, counter=3}, lastWriteDate=Tue Jul 16 13:32:06 PDT 2024, lastUpdateTimeNanos=534570377756900}
2024-07-16T13:32:06.962-07:00  INFO 404 --- [ngodb.net:27017] org.mongodb.driver.cluster               : Monitor thread successfully connected to server with description ServerDescription{address=ac-pe4h2qb-shard-00-00.ytxdm1r.mongodb.net:27017, type=REPLICA_SET_SECONDARY, state=CONNECTED, ok=true, minWireVersion=0, maxWireVersion=21, maxDocumentSize=16777216, logicalSessionTimeoutMinutes=30, roundTripTimeNanos=934438600, setName='atlas-11p9rt-shard-0', canonicalAddress=ac-pe4h2qb-shard-00-00.ytxdm1r.mongodb.net:27017, hosts=[ac-pe4h2qb-shard-00-01.ytxdm1r.mongodb.net:27017, ac-pe4h2qb-shard-00-02.ytxdm1r.mongodb.net:27017, ac-pe4h2qb-shard-00-00.ytxdm1r.mongodb.net:27017], passives=[], arbiters=[], primary='ac-pe4h2qb-shard-00-01.ytxdm1r.mongodb.net:27017', tagSet=TagSet{[Tag{name='availabilityZone', value='mes1-az1'}, Tag{name='diskState', value='READY'}, Tag{name='nodeType', value='ELECTABLE'}, Tag{name='provider', value='AWS'}, Tag{name='region', value='ME_SOUTH_1'}, Tag{name='workloadType', value='OPERATIONAL'}]}, electionId=null, setVersion=5, topologyVersion=TopologyVersion{processId=668c1bb71408bb07c9d429f0, counter=4}, lastWriteDate=Tue Jul 16 13:32:06 PDT 2024, lastUpdateTimeNanos=534570377997500}
2024-07-16T13:32:06.973-07:00  INFO 404 --- [ngodb.net:27017] org.mongodb.driver.cluster               : Discovered replica set primary ac-pe4h2qb-shard-00-01.ytxdm1r.mongodb.net:27017 with max election id 7fffffff0000000000000017 and max set version 5
2024-07-16T13:32:07.208-07:00  INFO 404 --- [    Test worker] com.project.demo.DemoApplicationTests    : Started DemoApplicationTests in 5.104 seconds (process running for 7.422)
]]></system-out>
  <system-err><![CDATA[WARNING: A Java agent has been loaded dynamically (C:\Users\Erkin\.gradle\caches\modules-2\files-2.1\net.bytebuddy\byte-buddy-agent\1.14.17\e3c251a39dc90badaf71c83427ba46840f219d8d\byte-buddy-agent-1.14.17.jar)
WARNING: If a serviceability tool is in use, please run with -XX:+EnableDynamicAgentLoading to hide this warning
WARNING: If a serviceability tool is not in use, please run with -Djdk.instrument.traceUsage for more information
WARNING: Dynamic loading of agents will be disallowed by default in a future release
]]></system-err>
</testsuite>
